#
# There is insufficient memory for the Java Runtime Environment to continue.
# Native memory allocation (mmap) failed to map 266338304 bytes for G1 virtual space
# Possible reasons:
#   The system is out of physical RAM or swap space
#   The process is running with CompressedOops enabled, and the Java Heap may be blocking the growth of the native heap
# Possible solutions:
#   Reduce memory load on the system
#   Increase physical memory or swap space
#   Check if swap backing store is full
#   Decrease Java heap size (-Xmx/-Xms)
#   Decrease number of Java threads
#   Decrease Java thread stack sizes (-Xss)
#   Set larger code cache with -XX:ReservedCodeCacheSize=
#   JVM is running with Zero Based Compressed Oops mode in which the Java heap is
#     placed in the first 32GB address space. The Java Heap base address is the
#     maximum limit for the native heap growth. Please use -XX:HeapBaseMinAddress
#     to set the Java Heap base and to place the Java Heap above 32GB virtual address.
# This output file may be truncated or incomplete.
#
#  Out of Memory Error (os_windows.cpp:3825), pid=13832, tid=5660
#
# JRE version:  (17.0.10) (build )
# Java VM: OpenJDK 64-Bit Server VM (17.0.10+0--11572160, mixed mode, sharing, tiered, compressed oops, compressed class ptrs, g1 gc, windows-amd64)
# No core dump will be written. Minidumps are not enabled by default on client versions of Windows
#

---------------  S U M M A R Y ------------

Command Line: org.jetbrains.kotlin.cli.jvm.K2JVMCompiler @C:\Users\adder\Proyectos\Android\Atenas_Apk\app\build\20240617_6281677629391343229.compiler.options

Host: Intel(R) Core(TM) i7-8650U CPU @ 1.90GHz, 8 cores, 15G,  Windows 10 , 64 bit Build 19041 (10.0.19041.3636)
Time: Mon Jun 17 21:09:46 2024 Atlantic Standard Time elapsed time: 0.026117 seconds (0d 0h 0m 0s)

---------------  T H R E A D  ---------------

Current thread (0x0000017b9678ff90):  JavaThread "Unknown thread" [_thread_in_vm, id=5660, stack(0x0000002f11100000,0x0000002f11200000)]

Stack: [0x0000002f11100000,0x0000002f11200000]
Native frames: (J=compiled Java code, j=interpreted, Vv=VM code, C=native code)
V  [jvm.dll+0x688e89]
V  [jvm.dll+0x84247a]
V  [jvm.dll+0x8440be]
V  [jvm.dll+0x844723]
V  [jvm.dll+0x24be0f]
V  [jvm.dll+0x685c59]
V  [jvm.dll+0x67a50a]
V  [jvm.dll+0x30cbab]
V  [jvm.dll+0x314056]
V  [jvm.dll+0x363dce]
V  [jvm.dll+0x363fff]
V  [jvm.dll+0x2e2978]
V  [jvm.dll+0x2e38e4]
V  [jvm.dll+0x813011]
V  [jvm.dll+0x371c81]
V  [jvm.dll+0x7f1b66]
V  [jvm.dll+0x3f58df]
V  [jvm.dll+0x3f7511]
C  [jli.dll+0x528f]
C  [ucrtbase.dll+0x21bb2]
C  [KERNEL32.DLL+0x17344]
C  [ntdll.dll+0x4cc91]


---------------  P R O C E S S  ---------------

Threads class SMR info:
_java_thread_list=0x00007ffef8e6ef58, length=0, elements={
}

Java Threads: ( => current thread )

Other Threads:
  0x0000017b967fab10 GCTaskThread "GC Thread#0" [stack: 0x0000002f11200000,0x0000002f11300000] [id=12688]
  0x0000017b9680b6f0 ConcurrentGCThread "G1 Main Marker" [stack: 0x0000002f11300000,0x0000002f11400000] [id=7524]
  0x0000017b9680c7c0 ConcurrentGCThread "G1 Conc#0" [stack: 0x0000002f11400000,0x0000002f11500000] [id=16736]

[error occurred during error reporting (printing all threads), id 0xc0000005, EXCEPTION_ACCESS_VIOLATION (0xc0000005) at pc=0x00007ffef8623547]

VM state: not at safepoint (not fully initialized)

VM Mutex/Monitor currently owned by a thread:  ([mutex/lock_event])
[0x0000017b9678ac20] Heap_lock - owner thread: 0x0000017b9678ff90

Heap address: 0x0000000702800000, size: 4056 MB, Compressed Oops mode: Zero based, Oop shift amount: 3

CDS archive(s) mapped at: [0x0000000000000000-0x0000000000000000-0x0000000000000000), size 0, SharedBaseAddress: 0x0000000800000000, ArchiveRelocationMode: 1.
Narrow klass base: 0x0000000000000000, Narrow klass shift: 0, Narrow klass range: 0x0

GC Precious Log:
<Empty>

Heap:
 garbage-first heap   total 0K, used 0K [0x0000000702800000, 0x0000000800000000)
  region size 2048K, 0 young (0K), 0 survivors (0K)
 Metaspace       used 0K, committed 0K, reserved 0K
  class space    used 0K, committed 0K, reserved 0K

Heap Regions: E=young(eden), S=young(survivor), O=old, HS=humongous(starts), HC=humongous(continues), CS=collection set, F=free, OA=open archive, CA=closed archive, TAMS=top-at-mark-start (previous, next)

Card table byte_map: [0x0000017bab690000,0x0000017babe80000] _byte_map_base: 0x0000017ba7e7c000

Marking Bits (Prev, Next): (CMBitMap*) 0x0000017b967fb040, (CMBitMap*) 0x0000017b967fb080
 Prev Bits: [0x0000017bac670000, 0x0000017bb05d0000)
 Next Bits: [0x0000017bb05d0000, 0x0000017bb4530000)

GC Heap History (0 events):
No events

Dll operation events (1 events):
Event: 0.016 Loaded shared library C:\Program Files\Android\Android Studio\jbr\bin\java.dll

Deoptimization events (0 events):
No events

Classes unloaded (0 events):
No events

Classes redefined (0 events):
No events

Internal exceptions (0 events):
No events

VM Operations (0 events):
No events

Events (0 events):
No events


Dynamic libraries:
0x00007ff66d970000 - 0x00007ff66d97a000 	C:\Program Files\Android\Android Studio\jbr\bin\java.exe
0x00007fff44970000 - 0x00007fff44b68000 	C:\Windows\SYSTEM32\ntdll.dll
0x00007fff42fb0000 - 0x00007fff4306d000 	C:\Windows\System32\KERNEL32.DLL
0x00007fff424c0000 - 0x00007fff427b6000 	C:\Windows\System32\KERNELBASE.dll
0x00007fff42080000 - 0x00007fff42180000 	C:\Windows\System32\ucrtbase.dll
0x00007fff377c0000 - 0x00007fff377d7000 	C:\Program Files\Android\Android Studio\jbr\bin\jli.dll
0x00007fff388e0000 - 0x00007fff388fb000 	C:\Program Files\Android\Android Studio\jbr\bin\VCRUNTIME140.dll
0x00007fff42bc0000 - 0x00007fff42d5f000 	C:\Windows\System32\USER32.dll
0x00007fff427c0000 - 0x00007fff427e2000 	C:\Windows\System32\win32u.dll
0x00007fff2e8e0000 - 0x00007fff2eb7a000 	C:\Windows\WinSxS\amd64_microsoft.windows.common-controls_6595b64144ccf1df_6.0.19041.4355_none_60b8b9eb71f62e16\COMCTL32.dll
0x00007fff431f0000 - 0x00007fff4321b000 	C:\Windows\System32\GDI32.dll
0x00007fff447f0000 - 0x00007fff4488e000 	C:\Windows\System32\msvcrt.dll
0x00007fff427f0000 - 0x00007fff42907000 	C:\Windows\System32\gdi32full.dll
0x00007fff42910000 - 0x00007fff429ad000 	C:\Windows\System32\msvcp_win.dll
0x00007fff42dd0000 - 0x00007fff42dff000 	C:\Windows\System32\IMM32.DLL
0x00007fff3a600000 - 0x00007fff3a60c000 	C:\Program Files\Android\Android Studio\jbr\bin\vcruntime140_1.dll
0x00007fff14640000 - 0x00007fff146cd000 	C:\Program Files\Android\Android Studio\jbr\bin\msvcp140.dll
0x00007ffef8330000 - 0x00007ffef8fb3000 	C:\Program Files\Android\Android Studio\jbr\bin\server\jvm.dll
0x00007fff43370000 - 0x00007fff43420000 	C:\Windows\System32\ADVAPI32.dll
0x00007fff432d0000 - 0x00007fff43370000 	C:\Windows\System32\sechost.dll
0x00007fff42a90000 - 0x00007fff42bb3000 	C:\Windows\System32\RPCRT4.dll
0x00007fff42180000 - 0x00007fff421a7000 	C:\Windows\System32\bcrypt.dll
0x00007fff41e80000 - 0x00007fff41ecb000 	C:\Windows\SYSTEM32\POWRPROF.dll
0x00007fff28c80000 - 0x00007fff28c89000 	C:\Windows\SYSTEM32\WSOCK32.dll
0x00007fff2e8b0000 - 0x00007fff2e8d7000 	C:\Windows\SYSTEM32\WINMM.dll
0x00007fff44020000 - 0x00007fff4408b000 	C:\Windows\System32\WS2_32.dll
0x00007fff387e0000 - 0x00007fff387ea000 	C:\Windows\SYSTEM32\VERSION.dll
0x00007fff41e60000 - 0x00007fff41e72000 	C:\Windows\SYSTEM32\UMPDC.dll
0x00007fff40840000 - 0x00007fff40852000 	C:\Windows\SYSTEM32\kernel.appcore.dll
0x00007fff3a6b0000 - 0x00007fff3a6ba000 	C:\Program Files\Android\Android Studio\jbr\bin\jimage.dll
0x00007fff3c3b0000 - 0x00007fff3c594000 	C:\Windows\SYSTEM32\DBGHELP.DLL
0x00007fff28c40000 - 0x00007fff28c74000 	C:\Windows\SYSTEM32\dbgcore.DLL
0x00007fff421b0000 - 0x00007fff42232000 	C:\Windows\System32\bcryptPrimitives.dll
0x00007fff1df80000 - 0x00007fff1dfa5000 	C:\Program Files\Android\Android Studio\jbr\bin\java.dll

dbghelp: loaded successfully - version: 4.0.5 - missing functions: none
symbol engine: initialized successfully - sym options: 0x614 - pdb path: .;C:\Program Files\Android\Android Studio\jbr\bin;C:\Windows\SYSTEM32;C:\Windows\WinSxS\amd64_microsoft.windows.common-controls_6595b64144ccf1df_6.0.19041.4355_none_60b8b9eb71f62e16;C:\Program Files\Android\Android Studio\jbr\bin\server

VM Arguments:
java_command: org.jetbrains.kotlin.cli.jvm.K2JVMCompiler @C:\Users\adder\Proyectos\Android\Atenas_Apk\app\build\20240617_6281677629391343229.compiler.options
java_class_path (initial): C:\Users\adder\Proyectos\Android\Atenas_Apk\.gradle\8.2.1\caches\modules-2\files-2.1\org.jetbrains.kotlin\kotlin-compiler-embeddable\1.9.23\460f3eeb4ac5383e60a09898bafa9b63838cc2ea\kotlin-compiler-embeddable-1.9.23.jar;C:\Users\adder\Proyectos\Android\Atenas_Apk\.gradle\8.2.1\caches\modules-2\files-2.1\org.jetbrains.kotlin\kotlin-stdlib\1.9.23\dbaadea1f5e68f790d242a91a38355a83ec38747\kotlin-stdlib-1.9.23.jar;C:\Users\adder\Proyectos\Android\Atenas_Apk\.gradle\8.2.1\caches\modules-2\files-2.1\org.jetbrains.kotlin\kotlin-script-runtime\1.9.23\1375a7343d05891119fac57f8b50a7578420ac27\kotlin-script-runtime-1.9.23.jar;C:\Users\adder\Proyectos\Android\Atenas_Apk\.gradle\8.2.1\caches\modules-2\files-2.1\org.jetbrains.kotlin\kotlin-reflect\1.6.10\1cbe9c92c12a94eea200d23c2bbaedaf3daf5132\kotlin-reflect-1.6.10.jar;C:\Users\adder\Proyectos\Android\Atenas_Apk\.gradle\8.2.1\caches\modules-2\files-2.1\org.jetbrains.kotlin\kotlin-daemon-embeddable\1.9.23\a6ad5e888015dc4f9eb828ea753167f256093c6a\kotlin-daemon-embeddable-1.9.23.jar;C:\Users\adder\Proyectos\Android\Atenas_Apk\.gradle\8.2.1\caches\modules-2\files-2.1\org.jetbrains.intellij.deps\trove4j\1.0.20200330\3afb14d5f9ceb459d724e907a21145e8ff394f02\trove4j-1.0.20200330.jar;C:\Users\adder\Proyectos\Android\Atenas_Apk\.gradle\8.2.1\caches\modules-2\files-2.1\org.jetbrains\annotations\13.0\919f0dfe192fb4e063e7dacadee7f8bb9a2672a9\annotations-13.0.jar
Launcher Type: SUN_STANDARD

[Global flags]
     intx CICompilerCount                          = 4                                         {product} {ergonomic}
     uint ConcGCThreads                            = 2                                         {product} {ergonomic}
     uint G1ConcRefinementThreads                  = 8                                         {product} {ergonomic}
   size_t G1HeapRegionSize                         = 2097152                                   {product} {ergonomic}
    uintx GCDrainStackTargetSize                   = 64                                        {product} {ergonomic}
   size_t InitialHeapSize                          = 266338304                                 {product} {ergonomic}
   size_t MarkStackSize                            = 4194304                                   {product} {ergonomic}
   size_t MaxHeapSize                              = 4253024256                                {product} {ergonomic}
   size_t MinHeapDeltaBytes                        = 2097152                                   {product} {ergonomic}
   size_t MinHeapSize                              = 8388608                                   {product} {ergonomic}
    uintx NonNMethodCodeHeapSize                   = 5839372                                {pd product} {ergonomic}
    uintx NonProfiledCodeHeapSize                  = 122909434                              {pd product} {ergonomic}
    uintx ProfiledCodeHeapSize                     = 122909434                              {pd product} {ergonomic}
    uintx ReservedCodeCacheSize                    = 251658240                              {pd product} {ergonomic}
     bool SegmentedCodeCache                       = true                                      {product} {ergonomic}
   size_t SoftMaxHeapSize                          = 4253024256                             {manageable} {ergonomic}
     bool UseCompressedClassPointers               = true                           {product lp64_product} {ergonomic}
     bool UseCompressedOops                        = true                           {product lp64_product} {ergonomic}
     bool UseG1GC                                  = true                                      {product} {ergonomic}
     bool UseLargePagesIndividualAllocation        = false                                  {pd product} {ergonomic}

Logging:
Log output configuration:
 #0: stdout all=warning uptime,level,tags
 #1: stderr all=off uptime,level,tags

Environment Variables:
PATH=C:\Program Files\Common Files\Oracle\Java\javapath;C:\Windows\system32;C:\Windows;C:\Windows\System32\Wbem;C:\Windows\System32\WindowsPowerShell\v1.0\;C:\Windows\System32\OpenSSH\;C:\Program Files\dotnet\;C:\Program Files (x86)\Intel\Intel(R) Management Engine Components\DAL;C:\Program Files\Intel\Intel(R) Management Engine Components\DAL;C:\Program Files\nodejs\;C:\ProgramData\chocolatey\bin;C:\dev\flutter\bin;C:\Program Files (x86)\Windows Kits\10\Windows Performance Toolkit\;C:\Program Files\Git\cmd;C:\Python312\Scripts\;C:\Python312\;C:\Users\adder\AppData\Local\Programs\Python\Python312\Scripts\;C:\Users\adder\AppData\Local\Programs\Python\Python312\;C:\Users\adder\AppData\Local\Microsoft\WindowsApps;C:\Users\adder\AppData\Local\Programs\Microsoft VS Code\bin;C:\Users\adder\AppData\Roaming\npm;C:\dev\flutter\bin;C:\Users\adder\AppData\Local\Microsoft\WinGet\Packages\Genymobile.scrcpy_Microsoft.Winget.Source_8wekyb3d8bbwe\scrcpy-win64-v2.4;
USERNAME=adder
OS=Windows_NT
PROCESSOR_IDENTIFIER=Intel64 Family 6 Model 142 Stepping 10, GenuineIntel
TMP=C:\Users\adder\AppData\Local\Temp
TEMP=C:\Users\adder\AppData\Local\Temp



Periodic native trim disabled

JNI global refs:
JNI global refs: 0, weak refs: 0

JNI global refs memory usage: 0, weak refs: 0

OOME stack traces (most recent first):
Classloader memory used:


---------------  S Y S T E M  ---------------

OS:
 Windows 10 , 64 bit Build 19041 (10.0.19041.3636)
OS uptime: 0 days 19:53 hours

CPU: total 8 (initial active 8) (4 cores per cpu, 2 threads per core) family 6 model 142 stepping 10 microcode 0xe0, cx8, cmov, fxsr, ht, mmx, 3dnowpref, sse, sse2, sse3, ssse3, sse4.1, sse4.2, popcnt, lzcnt, tsc, tscinvbit, avx, avx2, aes, erms, clmul, bmi1, bmi2, rtm, adx, fma, vzeroupper, clflush, clflushopt
Processor Information for all 8 processors :
  Max Mhz: 2112, Current Mhz: 1910, Mhz Limit: 1900

Memory: 4k page, system-wide physical 16223M (4998M free)
TotalPageFile size 16223M (AvailPageFile size 65M)
current process WorkingSet (physical memory assigned to process): 10M, peak: 10M
current process commit charge ("private bytes"): 60M, peak: 314M

vm_info: OpenJDK 64-Bit Server VM (17.0.10+0--11572160) for windows-amd64 JRE (17.0.10+0--11572160), built on Mar 13 2024 23:56:38 by "androidbuild" with MS VC++ 16.10 / 16.11 (VS2019)

END.
